2009-05-09 23:10:33 Notice: Notice (8): Undefined variable: dir in [APP/models/tiarra.php, line 9]
2009-05-09 23:10:33 Notice: Notice (8): Undefined variable: dir in [APP/models/tiarra.php, line 9]
2009-05-09 23:18:37 Notice: Notice (8): Undefined variable: filei_path in [APP/models/tiarra.php, line 14]
2009-05-09 23:18:38 Notice: Notice (8): Undefined variable: filei_path in [APP/models/tiarra.php, line 14]
2009-05-10 00:01:09 Notice: Notice (8): Undefined variable: channel_name in [APP/views/tiarras/channel.ctp, line 6]
2009-05-10 00:38:29 Notice: Notice (8): Undefined property: TiarrasController::$RequesetHandler in [APP/app_controller.php, line 42]
2009-05-10 10:11:28 Notice: Notice (8): Array to string conversion in [APP/views/tiarras/file.ctp, line 4]
2009-05-10 10:11:54 Notice: Notice (8): Array to string conversion in [APP/views/tiarras/file.ctp, line 5]
2009-05-10 10:14:29 Notice: Notice (8): Undefined variable: Text in [APP/views/tiarras/file.ctp, line 9]
2009-05-10 10:14:40 Notice: Notice (8): Array to string conversion in [APP/views/tiarras/file.ctp, line 15]
2009-05-10 10:15:06 Notice: Notice (8): Array to string conversion in [APP/views/tiarras/file.ctp, line 17]
2009-05-10 10:15:27 Notice: Notice (8): Array to string conversion in [APP/views/tiarras/file.ctp, line 18]
2009-05-10 10:16:08 Notice: Notice (8): Array to string conversion in [APP/views/tiarras/file.ctp, line 18]
2009-05-10 10:16:26 Notice: Notice (8): Array to string conversion in [APP/views/tiarras/file.ctp, line 18]
2009-05-10 10:17:10 Notice: Notice (8): Array to string conversion in [APP/views/tiarras/file.ctp, line 18]
2009-05-10 10:17:24 Notice: Notice (8): Array to string conversion in [APP/views/tiarras/file.ctp, line 18]
2009-05-10 10:19:12 Notice: Notice (8): Array to string conversion in [APP/views/tiarras/file.ctp, line 18]
2009-05-10 10:20:19 Notice: Notice (8): Array to string conversion in [APP/views/tiarras/file.ctp, line 18]
2009-05-10 10:24:33 Notice: Notice (8): Array to string conversion in [APP/views/tiarras/file.ctp, line 18]
2009-05-10 10:25:05 Notice: Notice (8): Array to string conversion in [APP/views/tiarras/file.ctp, line 18]
2009-05-10 10:27:42 Notice: Notice (8): Array to string conversion in [APP/views/tiarras/file.ctp, line 18]
2009-05-10 10:28:18 Notice: Notice (8): Array to string conversion in [APP/views/tiarras/file.ctp, line 18]
2009-05-10 10:28:27 Notice: Notice (8): Array to string conversion in [APP/views/tiarras/file.ctp, line 18]
2009-05-10 10:28:31 Notice: Notice (8): Array to string conversion in [APP/views/tiarras/file.ctp, line 18]
2009-05-10 10:28:50 Notice: Notice (8): Array to string conversion in [APP/views/tiarras/file.ctp, line 18]
2009-05-10 10:29:00 Notice: Notice (8): Array to string conversion in [APP/views/tiarras/file.ctp, line 18]
2009-05-10 10:29:03 Notice: Notice (8): Array to string conversion in [APP/views/tiarras/file.ctp, line 18]
2009-05-10 10:31:44 Notice: Notice (8): Array to string conversion in [APP/views/tiarras/file.ctp, line 18]
2009-05-10 10:32:12 Notice: Notice (8): Array to string conversion in [APP/views/tiarras/file.ctp, line 18]
2009-05-10 10:33:19 Notice: Notice (8): Array to string conversion in [APP/views/tiarras/file.ctp, line 18]
2009-05-10 10:34:28 Notice: Notice (8): Array to string conversion in [APP/views/tiarras/file.ctp, line 20]
2009-05-10 10:34:36 Notice: Notice (8): Array to string conversion in [APP/views/tiarras/file.ctp, line 20]
2009-05-10 10:34:41 Notice: Notice (8): Array to string conversion in [APP/views/tiarras/file.ctp, line 20]
2009-05-10 10:46:39 Notice: Notice (8): Undefined property: View::$controller in [APP/views/tiarras/file.ctp, line 7]
2009-05-10 10:47:31 Notice: Notice (8): Undefined property: View::$controllers in [APP/views/tiarras/file.ctp, line 7]
2009-05-10 10:57:02 Notice: Notice (8): Undefined variable: hrml in [APP/views/tiarras/file.ctp, line 35]
2009-05-10 11:02:08 Notice: Notice (8): Undefined index:  parPage in [APP/views/tiarras/file.ctp, line 22]
2009-05-10 11:18:37 Notice: Notice (8): Undefined offset:  189 in [APP/views/tiarras/file.ctp, line 24]
2009-05-10 11:18:37 Notice: Notice (8): Undefined offset:  190 in [APP/views/tiarras/file.ctp, line 24]
2009-05-10 11:18:37 Notice: Notice (8): Undefined offset:  191 in [APP/views/tiarras/file.ctp, line 24]
2009-05-10 11:18:37 Notice: Notice (8): Undefined offset:  192 in [APP/views/tiarras/file.ctp, line 24]
2009-05-10 11:18:37 Notice: Notice (8): Undefined offset:  193 in [APP/views/tiarras/file.ctp, line 24]
2009-05-10 11:18:37 Notice: Notice (8): Undefined offset:  194 in [APP/views/tiarras/file.ctp, line 24]
2009-05-10 11:18:37 Notice: Notice (8): Undefined offset:  195 in [APP/views/tiarras/file.ctp, line 24]
2009-05-10 11:18:37 Notice: Notice (8): Undefined offset:  196 in [APP/views/tiarras/file.ctp, line 24]
2009-05-10 11:18:37 Notice: Notice (8): Undefined offset:  197 in [APP/views/tiarras/file.ctp, line 24]
2009-05-10 11:18:37 Notice: Notice (8): Undefined offset:  198 in [APP/views/tiarras/file.ctp, line 24]
2009-05-10 11:18:37 Notice: Notice (8): Undefined offset:  199 in [APP/views/tiarras/file.ctp, line 24]
2009-05-10 11:18:37 Notice: Notice (8): Undefined offset:  200 in [APP/views/tiarras/file.ctp, line 24]
2009-05-10 11:18:37 Notice: Notice (8): Undefined index:  url in [APP/views/tiarras/file.ctp, line 43]
2009-05-10 11:18:37 Notice: Notice (8): Undefined index:  title in [APP/views/tiarras/file.ctp, line 43]
2009-05-10 11:19:57 Notice: Notice (8): Undefined offset:  189 in [APP/views/tiarras/file.ctp, line 24]
2009-05-10 11:19:57 Notice: Notice (8): Undefined offset:  190 in [APP/views/tiarras/file.ctp, line 24]
2009-05-10 11:19:57 Notice: Notice (8): Undefined offset:  191 in [APP/views/tiarras/file.ctp, line 24]
2009-05-10 11:19:57 Notice: Notice (8): Undefined offset:  192 in [APP/views/tiarras/file.ctp, line 24]
2009-05-10 11:19:57 Notice: Notice (8): Undefined offset:  193 in [APP/views/tiarras/file.ctp, line 24]
2009-05-10 11:19:57 Notice: Notice (8): Undefined offset:  194 in [APP/views/tiarras/file.ctp, line 24]
2009-05-10 11:19:57 Notice: Notice (8): Undefined offset:  195 in [APP/views/tiarras/file.ctp, line 24]
2009-05-10 11:19:57 Notice: Notice (8): Undefined offset:  196 in [APP/views/tiarras/file.ctp, line 24]
2009-05-10 11:19:57 Notice: Notice (8): Undefined offset:  197 in [APP/views/tiarras/file.ctp, line 24]
2009-05-10 11:19:57 Notice: Notice (8): Undefined offset:  198 in [APP/views/tiarras/file.ctp, line 24]
2009-05-10 11:19:57 Notice: Notice (8): Undefined offset:  199 in [APP/views/tiarras/file.ctp, line 24]
2009-05-10 11:19:57 Notice: Notice (8): Undefined offset:  200 in [APP/views/tiarras/file.ctp, line 24]
2009-05-10 11:19:57 Notice: Notice (8): Undefined index:  url in [APP/views/tiarras/file.ctp, line 43]
2009-05-10 11:19:57 Notice: Notice (8): Undefined index:  title in [APP/views/tiarras/file.ctp, line 43]
2009-05-10 11:20:22 Notice: Notice (8): Undefined offset:  189 in [APP/views/tiarras/file.ctp, line 24]
2009-05-10 11:20:22 Notice: Notice (8): Undefined offset:  190 in [APP/views/tiarras/file.ctp, line 24]
2009-05-10 11:20:22 Notice: Notice (8): Undefined offset:  191 in [APP/views/tiarras/file.ctp, line 24]
2009-05-10 11:20:22 Notice: Notice (8): Undefined offset:  192 in [APP/views/tiarras/file.ctp, line 24]
2009-05-10 11:20:22 Notice: Notice (8): Undefined offset:  193 in [APP/views/tiarras/file.ctp, line 24]
2009-05-10 11:20:22 Notice: Notice (8): Undefined offset:  194 in [APP/views/tiarras/file.ctp, line 24]
2009-05-10 11:20:22 Notice: Notice (8): Undefined offset:  195 in [APP/views/tiarras/file.ctp, line 24]
2009-05-10 11:20:22 Notice: Notice (8): Undefined offset:  196 in [APP/views/tiarras/file.ctp, line 24]
2009-05-10 11:20:23 Notice: Notice (8): Undefined offset:  197 in [APP/views/tiarras/file.ctp, line 24]
2009-05-10 11:20:23 Notice: Notice (8): Undefined offset:  198 in [APP/views/tiarras/file.ctp, line 24]
2009-05-10 11:20:23 Notice: Notice (8): Undefined offset:  199 in [APP/views/tiarras/file.ctp, line 24]
2009-05-10 11:20:23 Notice: Notice (8): Undefined offset:  200 in [APP/views/tiarras/file.ctp, line 24]
2009-05-10 11:20:23 Notice: Notice (8): Undefined index:  url in [APP/views/tiarras/file.ctp, line 43]
2009-05-10 11:20:23 Notice: Notice (8): Undefined index:  title in [APP/views/tiarras/file.ctp, line 43]
2009-05-10 11:21:11 Notice: Notice (8): Undefined index:  url in [APP/views/tiarras/file.ctp, line 46]
2009-05-10 11:21:11 Notice: Notice (8): Undefined index:  title in [APP/views/tiarras/file.ctp, line 46]
2009-05-10 11:26:50 Notice: Notice (8): Undefined index:  pageID in [APP/views/tiarras/file.ctp, line 21]
2009-05-10 11:27:23 Notice: Notice (8): Undefined index:  pageID in [APP/views/tiarras/file.ctp, line 21]
2009-05-10 11:40:05 Notice: Notice (8): Undefined variable: fieldName in [CORE/cake/libs/view/helpers/form.php, line 987]
